2022-12-29-10:40:05.538 INFO [main]- org.springframework.boot.StartupInfoLogger:55>>Starting ApiApplication using Java 1.8.0_322 on DESKTOP-J9FMC4G with PID 14976 (F:\JAVA\JavaActualCombat\FengMiStore\MyMall\fmmall\api\target\classes started by qqy12345678 in F:\JAVA\JavaActualCombat\FengMiStore\MyMall\fmmall)
2022-12-29-10:40:05.542 INFO [main]- org.springframework.boot.SpringApplication:640>>No active profile set, falling back to 1 default profile: "default"
2022-12-29-10:40:07.465 WARN [main]- org.mybatis.logging.Logger:44>>No MyBatis mapper was found in '[com.qfedu.fmmall]' package. Please check your configuration.
2022-12-29-10:40:08.265 INFO [main]- org.springframework.boot.web.embedded.tomcat.TomcatWebServer:108>>Tomcat initialized with port(s): 8080 (http)
2022-12-29-10:40:08.282 INFO [main]- org.apache.juli.logging.DirectJDKLog:173>>Initializing ProtocolHandler ["http-nio-8080"]
2022-12-29-10:40:08.283 INFO [main]- org.apache.juli.logging.DirectJDKLog:173>>Starting service [Tomcat]
2022-12-29-10:40:08.283 INFO [main]- org.apache.juli.logging.DirectJDKLog:173>>Starting Servlet engine: [Apache Tomcat/9.0.60]
2022-12-29-10:40:08.453 INFO [main]- org.apache.juli.logging.DirectJDKLog:173>>Initializing Spring embedded WebApplicationContext
2022-12-29-10:40:08.454 INFO [main]- org.springframework.boot.web.servlet.context.ServletWebServerApplicationContext:290>>Root WebApplicationContext: initialization completed in 2840 ms
2022-12-29-10:40:08.592 INFO [main]- com.alibaba.druid.spring.boot.autoconfigure.DruidDataSourceAutoConfigure:56>>Init DruidDataSource
2022-12-29-10:40:08.776 INFO [main]- com.alibaba.druid.pool.DruidDataSource:990>>{dataSource-1} inited
2022-12-29-10:40:10.730 INFO [main]- springfox.documentation.spring.web.PropertySourcedRequestMappingHandlerMapping:69>>Mapped URL path [/v2/api-docs] onto method [springfox.documentation.swagger2.web.Swagger2Controller#getDocumentation(String, HttpServletRequest)]
2022-12-29-10:40:11.207 INFO [main]- tk.mybatis.mapper.autoconfigure.MapperCacheDisabler:60>>Clear tk.mybatis.mapper.util.MsUtil CLASS_CACHE cache.
2022-12-29-10:40:11.208 INFO [main]- tk.mybatis.mapper.autoconfigure.MapperCacheDisabler:60>>Clear tk.mybatis.mapper.genid.GenIdUtil CACHE cache.
2022-12-29-10:40:11.209 INFO [main]- tk.mybatis.mapper.autoconfigure.MapperCacheDisabler:60>>Clear tk.mybatis.mapper.version.VersionUtil CACHE cache.
2022-12-29-10:40:11.209 INFO [main]- tk.mybatis.mapper.autoconfigure.MapperCacheDisabler:83>>Clear EntityHelper entityTableMap cache.
2022-12-29-10:40:11.349 INFO [main]- org.quartz.impl.StdSchedulerFactory:1220>>Using default implementation for ThreadExecutor
2022-12-29-10:40:11.376 INFO [main]- org.quartz.core.SchedulerSignalerImpl:61>>Initialized Scheduler Signaller of type: class org.quartz.core.SchedulerSignalerImpl
2022-12-29-10:40:11.377 INFO [main]- org.quartz.core.QuartzScheduler:229>>Quartz Scheduler v.2.3.2 created.
2022-12-29-10:40:11.378 INFO [main]- org.quartz.simpl.RAMJobStore:155>>RAMJobStore initialized.
2022-12-29-10:40:11.379 INFO [main]- org.quartz.core.QuartzScheduler:294>>Scheduler meta-data: Quartz Scheduler (v2.3.2) 'quartzScheduler' with instanceId 'NON_CLUSTERED'
  Scheduler class: 'org.quartz.core.QuartzScheduler' - running locally.
  NOT STARTED.
  Currently in standby mode.
  Number of jobs executed: 0
  Using thread pool 'org.quartz.simpl.SimpleThreadPool' - with 10 threads.
  Using job-store 'org.quartz.simpl.RAMJobStore' - which does not support persistence. and is not clustered.

2022-12-29-10:40:11.380 INFO [main]- org.quartz.impl.StdSchedulerFactory:1374>>Quartz scheduler 'quartzScheduler' initialized from an externally provided properties instance.
2022-12-29-10:40:11.380 INFO [main]- org.quartz.impl.StdSchedulerFactory:1378>>Quartz scheduler version: 2.3.2
2022-12-29-10:40:11.380 INFO [main]- org.quartz.core.QuartzScheduler:2293>>JobFactory set to: org.springframework.scheduling.quartz.SpringBeanJobFactory@7741771e
2022-12-29-10:40:11.466 INFO [main]- org.apache.juli.logging.DirectJDKLog:173>>Starting ProtocolHandler ["http-nio-8080"]
2022-12-29-10:40:11.496 INFO [main]- org.springframework.boot.web.embedded.tomcat.TomcatWebServer:220>>Tomcat started on port(s): 8080 (http) with context path ''
2022-12-29-10:40:11.498 INFO [main]- springfox.documentation.spring.web.plugins.DocumentationPluginsBootstrapper:160>>Context refreshed
2022-12-29-10:40:11.520 INFO [main]- springfox.documentation.spring.web.plugins.DocumentationPluginsBootstrapper:163>>Found 1 custom documentation plugin(s)
2022-12-29-10:40:11.581 INFO [main]- springfox.documentation.spring.web.scanners.ApiListingReferenceScanner:41>>Scanning for api listing references
2022-12-29-10:40:12.076 INFO [main]- springfox.documentation.spring.web.readers.operation.CachingOperationNameGenerator:40>>Generating unique operation named: listUsingGET_1
2022-12-29-10:40:12.139 INFO [main]- org.springframework.scheduling.quartz.SchedulerFactoryBean:729>>Starting Quartz Scheduler now
2022-12-29-10:40:12.140 INFO [main]- org.quartz.core.QuartzScheduler:547>>Scheduler quartzScheduler_$_NON_CLUSTERED started.
2022-12-29-10:40:12.191 INFO [main]- org.springframework.boot.StartupInfoLogger:61>>Started ApiApplication in 7.743 seconds (JVM running for 11.03)
2022-12-29-10:40:12.209 INFO [SpringApplicationShutdownHook]- org.quartz.core.QuartzScheduler:585>>Scheduler quartzScheduler_$_NON_CLUSTERED paused.
2022-12-29-10:40:12.577 INFO [SpringApplicationShutdownHook]- org.springframework.scheduling.quartz.SchedulerFactoryBean:847>>Shutting down Quartz Scheduler
2022-12-29-10:40:12.577 INFO [SpringApplicationShutdownHook]- org.quartz.core.QuartzScheduler:666>>Scheduler quartzScheduler_$_NON_CLUSTERED shutting down.
2022-12-29-10:40:12.577 INFO [SpringApplicationShutdownHook]- org.quartz.core.QuartzScheduler:585>>Scheduler quartzScheduler_$_NON_CLUSTERED paused.
2022-12-29-10:40:12.577 INFO [SpringApplicationShutdownHook]- org.quartz.core.QuartzScheduler:740>>Scheduler quartzScheduler_$_NON_CLUSTERED shutdown complete.
2022-12-29-10:40:12.581 INFO [SpringApplicationShutdownHook]- com.alibaba.druid.pool.DruidDataSource:2043>>{dataSource-1} closing ...
2022-12-29-10:40:12.582 INFO [SpringApplicationShutdownHook]- com.alibaba.druid.pool.DruidDataSource:2116>>{dataSource-1} closed
