2023-01-03-15:11:33.297 INFO [lettuce-nioEventLoop-4-1]- io.netty.util.internal.logging.AbstractInternalLogger:217>>null Unexpected exception during request: java.io.IOException: 远程主机强迫关闭了一个现有的连接。
java.io.IOException: 远程主机强迫关闭了一个现有的连接。
	at sun.nio.ch.SocketDispatcher.read0(Native Method)
	at sun.nio.ch.SocketDispatcher.read(SocketDispatcher.java:43)
	at sun.nio.ch.IOUtil.readIntoNativeBuffer(IOUtil.java:223)
	at sun.nio.ch.IOUtil.read(IOUtil.java:192)
	at sun.nio.ch.SocketChannelImpl.read(SocketChannelImpl.java:379)
	at io.netty.buffer.PooledByteBuf.setBytes(PooledByteBuf.java:258)
	at io.netty.buffer.AbstractByteBuf.writeBytes(AbstractByteBuf.java:1132)
	at io.netty.channel.socket.nio.NioSocketChannel.doReadBytes(NioSocketChannel.java:350)
	at io.netty.channel.nio.AbstractNioByteChannel$NioByteUnsafe.read(AbstractNioByteChannel.java:151)
	at io.netty.channel.nio.NioEventLoop.processSelectedKey(NioEventLoop.java:722)
	at io.netty.channel.nio.NioEventLoop.processSelectedKeysOptimized(NioEventLoop.java:658)
	at io.netty.channel.nio.NioEventLoop.processSelectedKeys(NioEventLoop.java:584)
	at io.netty.channel.nio.NioEventLoop.run(NioEventLoop.java:496)
	at io.netty.util.concurrent.SingleThreadEventExecutor$4.run(SingleThreadEventExecutor.java:986)
	at io.netty.util.internal.ThreadExecutorMap$2.run(ThreadExecutorMap.java:74)
	at io.netty.util.concurrent.FastThreadLocalRunnable.run(FastThreadLocalRunnable.java:30)
	at java.lang.Thread.run(Thread.java:750)
2023-01-03-15:11:33.872 INFO [lettuce-eventExecutorLoop-1-7]- io.netty.util.internal.logging.AbstractInternalLogger:171>>Reconnecting, last destination was /39.101.77.112:6379
2023-01-03-15:11:33.983 WARN [lettuce-nioEventLoop-4-2]- io.netty.util.internal.logging.AbstractInternalLogger:105>>Cannot reconnect to [39.101.77.112:6379]: No route to host: no further information: /39.101.77.112:6379
io.netty.channel.AbstractChannel$AnnotatedNoRouteToHostException: No route to host: no further information: /39.101.77.112:6379
Caused by: java.net.NoRouteToHostException: No route to host: no further information
	at sun.nio.ch.SocketChannelImpl.checkConnect(Native Method)
	at sun.nio.ch.SocketChannelImpl.finishConnect(SocketChannelImpl.java:716)
	at io.netty.channel.socket.nio.NioSocketChannel.doFinishConnect(NioSocketChannel.java:330)
	at io.netty.channel.nio.AbstractNioChannel$AbstractNioUnsafe.finishConnect(AbstractNioChannel.java:334)
	at io.netty.channel.nio.NioEventLoop.processSelectedKey(NioEventLoop.java:710)
	at io.netty.channel.nio.NioEventLoop.processSelectedKeysOptimized(NioEventLoop.java:658)
	at io.netty.channel.nio.NioEventLoop.processSelectedKeys(NioEventLoop.java:584)
	at io.netty.channel.nio.NioEventLoop.run(NioEventLoop.java:496)
	at io.netty.util.concurrent.SingleThreadEventExecutor$4.run(SingleThreadEventExecutor.java:986)
	at io.netty.util.internal.ThreadExecutorMap$2.run(ThreadExecutorMap.java:74)
	at io.netty.util.concurrent.FastThreadLocalRunnable.run(FastThreadLocalRunnable.java:30)
	at java.lang.Thread.run(Thread.java:750)
2023-01-03-15:11:37.230 INFO [lettuce-nioEventLoop-4-3]- io.lettuce.core.protocol.ReconnectionHandler:174>>Reconnected to 39.101.77.112:6379
2023-01-03-15:36:24.788 INFO [main]- org.springframework.boot.StartupInfoLogger:55>>Starting ApiApplication using Java 1.8.0_322 on DESKTOP-J9FMC4G with PID 1912 (F:\JAVA\JavaActualCombat\FengMiStore\MyMall\fmmall\api\target\classes started by qqy12345678 in F:\JAVA\JavaActualCombat\FengMiStore\MyMall\fmmall)
2023-01-03-15:36:24.793 INFO [main]- org.springframework.boot.SpringApplication:640>>No active profile set, falling back to 1 default profile: "default"
2023-01-03-15:36:26.520 INFO [main]- org.springframework.data.repository.config.RepositoryConfigurationDelegate:262>>Multiple Spring Data modules found, entering strict repository configuration mode!
2023-01-03-15:36:26.525 INFO [main]- org.springframework.data.repository.config.RepositoryConfigurationDelegate:132>>Bootstrapping Spring Data Redis repositories in DEFAULT mode.
2023-01-03-15:36:26.606 INFO [main]- org.springframework.data.repository.config.RepositoryConfigurationDelegate:201>>Finished Spring Data repository scanning in 47 ms. Found 0 Redis repository interfaces.
2023-01-03-15:36:26.863 WARN [main]- org.mybatis.logging.Logger:44>>No MyBatis mapper was found in '[com.qfedu.fmmall]' package. Please check your configuration.
2023-01-03-15:36:27.721 INFO [main]- org.springframework.boot.web.embedded.tomcat.TomcatWebServer:108>>Tomcat initialized with port(s): 8080 (http)
2023-01-03-15:36:27.736 INFO [main]- org.apache.juli.logging.DirectJDKLog:173>>Initializing ProtocolHandler ["http-nio-8080"]
2023-01-03-15:36:27.738 INFO [main]- org.apache.juli.logging.DirectJDKLog:173>>Starting service [Tomcat]
2023-01-03-15:36:27.740 INFO [main]- org.apache.juli.logging.DirectJDKLog:173>>Starting Servlet engine: [Apache Tomcat/9.0.60]
2023-01-03-15:36:27.932 INFO [main]- org.apache.juli.logging.DirectJDKLog:173>>Initializing Spring embedded WebApplicationContext
2023-01-03-15:36:27.932 INFO [main]- org.springframework.boot.web.servlet.context.ServletWebServerApplicationContext:290>>Root WebApplicationContext: initialization completed in 3056 ms
2023-01-03-15:36:28.118 INFO [main]- com.alibaba.druid.spring.boot.autoconfigure.DruidDataSourceAutoConfigure:56>>Init DruidDataSource
2023-01-03-15:36:28.360 INFO [main]- com.alibaba.druid.pool.DruidDataSource:990>>{dataSource-1} inited
2023-01-03-15:36:30.520 INFO [main]- springfox.documentation.spring.web.PropertySourcedRequestMappingHandlerMapping:69>>Mapped URL path [/v2/api-docs] onto method [springfox.documentation.swagger2.web.Swagger2Controller#getDocumentation(String, HttpServletRequest)]
2023-01-03-15:36:30.881 INFO [main]- tk.mybatis.mapper.autoconfigure.MapperCacheDisabler:60>>Clear tk.mybatis.mapper.util.MsUtil CLASS_CACHE cache.
2023-01-03-15:36:30.882 INFO [main]- tk.mybatis.mapper.autoconfigure.MapperCacheDisabler:60>>Clear tk.mybatis.mapper.genid.GenIdUtil CACHE cache.
2023-01-03-15:36:30.884 INFO [main]- tk.mybatis.mapper.autoconfigure.MapperCacheDisabler:60>>Clear tk.mybatis.mapper.version.VersionUtil CACHE cache.
2023-01-03-15:36:30.884 INFO [main]- tk.mybatis.mapper.autoconfigure.MapperCacheDisabler:83>>Clear EntityHelper entityTableMap cache.
2023-01-03-15:36:31.273 INFO [main]- org.quartz.impl.StdSchedulerFactory:1220>>Using default implementation for ThreadExecutor
2023-01-03-15:36:31.300 INFO [main]- org.quartz.core.SchedulerSignalerImpl:61>>Initialized Scheduler Signaller of type: class org.quartz.core.SchedulerSignalerImpl
2023-01-03-15:36:31.301 INFO [main]- org.quartz.core.QuartzScheduler:229>>Quartz Scheduler v.2.3.2 created.
2023-01-03-15:36:31.302 INFO [main]- org.quartz.simpl.RAMJobStore:155>>RAMJobStore initialized.
2023-01-03-15:36:31.305 INFO [main]- org.quartz.core.QuartzScheduler:294>>Scheduler meta-data: Quartz Scheduler (v2.3.2) 'quartzScheduler' with instanceId 'NON_CLUSTERED'
  Scheduler class: 'org.quartz.core.QuartzScheduler' - running locally.
  NOT STARTED.
  Currently in standby mode.
  Number of jobs executed: 0
  Using thread pool 'org.quartz.simpl.SimpleThreadPool' - with 10 threads.
  Using job-store 'org.quartz.simpl.RAMJobStore' - which does not support persistence. and is not clustered.

2023-01-03-15:36:31.305 INFO [main]- org.quartz.impl.StdSchedulerFactory:1374>>Quartz scheduler 'quartzScheduler' initialized from an externally provided properties instance.
2023-01-03-15:36:31.306 INFO [main]- org.quartz.impl.StdSchedulerFactory:1378>>Quartz scheduler version: 2.3.2
2023-01-03-15:36:31.307 INFO [main]- org.quartz.core.QuartzScheduler:2293>>JobFactory set to: org.springframework.scheduling.quartz.SpringBeanJobFactory@6b42e36d
2023-01-03-15:36:31.463 INFO [main]- org.apache.juli.logging.DirectJDKLog:173>>Starting ProtocolHandler ["http-nio-8080"]
2023-01-03-15:36:31.533 INFO [main]- org.springframework.boot.web.embedded.tomcat.TomcatWebServer:220>>Tomcat started on port(s): 8080 (http) with context path ''
2023-01-03-15:36:31.536 INFO [main]- springfox.documentation.spring.web.plugins.DocumentationPluginsBootstrapper:160>>Context refreshed
2023-01-03-15:36:31.596 INFO [main]- springfox.documentation.spring.web.plugins.DocumentationPluginsBootstrapper:163>>Found 1 custom documentation plugin(s)
2023-01-03-15:36:31.702 INFO [main]- springfox.documentation.spring.web.scanners.ApiListingReferenceScanner:41>>Scanning for api listing references
2023-01-03-15:36:32.063 INFO [main]- springfox.documentation.spring.web.readers.operation.CachingOperationNameGenerator:40>>Generating unique operation named: listUsingGET_1
2023-01-03-15:36:32.088 INFO [main]- org.springframework.scheduling.quartz.SchedulerFactoryBean:729>>Starting Quartz Scheduler now
2023-01-03-15:36:32.089 INFO [main]- org.quartz.core.QuartzScheduler:547>>Scheduler quartzScheduler_$_NON_CLUSTERED started.
2023-01-03-15:36:32.109 INFO [main]- org.springframework.boot.StartupInfoLogger:61>>Started ApiApplication in 8.352 seconds (JVM running for 11.672)
2023-01-03-15:36:33.140 INFO [http-nio-8080-exec-1]- org.apache.juli.logging.DirectJDKLog:173>>Initializing Spring DispatcherServlet 'dispatcherServlet'
2023-01-03-15:36:33.141 INFO [http-nio-8080-exec-1]- org.springframework.web.servlet.FrameworkServlet:525>>Initializing Servlet 'dispatcherServlet'
2023-01-03-15:36:33.142 INFO [http-nio-8080-exec-1]- org.springframework.web.servlet.FrameworkServlet:547>>Completed initialization in 1 ms
2023-01-03-15:36:52.972 ERROR [http-nio-8080-exec-6]- org.apache.juli.logging.DirectJDKLog:175>>Servlet.service() for servlet [dispatcherServlet] in context with path [] threw exception [Request processing failed; nested exception is java.lang.ClassCastException: java.util.ArrayList cannot be cast to java.lang.String] with root cause
java.lang.ClassCastException: java.util.ArrayList cannot be cast to java.lang.String
	at com.qfedu.fmmall.service.impl.IndexImgServiceImpl.listIndexImgs(IndexImgServiceImpl.java:47)
	at com.qfedu.fmmall.controller.IndexController.listIndexImgs(IndexController.java:39)
	at sun.reflect.NativeMethodAccessorImpl.invoke0(Native Method)
	at sun.reflect.NativeMethodAccessorImpl.invoke(NativeMethodAccessorImpl.java:62)
	at sun.reflect.DelegatingMethodAccessorImpl.invoke(DelegatingMethodAccessorImpl.java:43)
	at java.lang.reflect.Method.invoke(Method.java:498)
	at org.springframework.web.method.support.InvocableHandlerMethod.doInvoke(InvocableHandlerMethod.java:205)
	at org.springframework.web.method.support.InvocableHandlerMethod.invokeForRequest(InvocableHandlerMethod.java:150)
	at org.springframework.web.servlet.mvc.method.annotation.ServletInvocableHandlerMethod.invokeAndHandle(ServletInvocableHandlerMethod.java:117)
	at org.springframework.web.servlet.mvc.method.annotation.RequestMappingHandlerAdapter.invokeHandlerMethod(RequestMappingHandlerAdapter.java:895)
	at org.springframework.web.servlet.mvc.method.annotation.RequestMappingHandlerAdapter.handleInternal(RequestMappingHandlerAdapter.java:808)
	at org.springframework.web.servlet.mvc.method.AbstractHandlerMethodAdapter.handle(AbstractHandlerMethodAdapter.java:87)
	at org.springframework.web.servlet.DispatcherServlet.doDispatch(DispatcherServlet.java:1067)
	at org.springframework.web.servlet.DispatcherServlet.doService(DispatcherServlet.java:963)
	at org.springframework.web.servlet.FrameworkServlet.processRequest(FrameworkServlet.java:1006)
	at org.springframework.web.servlet.FrameworkServlet.doGet(FrameworkServlet.java:898)
	at javax.servlet.http.HttpServlet.service(HttpServlet.java:655)
	at org.springframework.web.servlet.FrameworkServlet.service(FrameworkServlet.java:883)
	at javax.servlet.http.HttpServlet.service(HttpServlet.java:764)
	at org.apache.catalina.core.ApplicationFilterChain.internalDoFilter(ApplicationFilterChain.java:227)
	at org.apache.catalina.core.ApplicationFilterChain.doFilter(ApplicationFilterChain.java:162)
	at org.apache.tomcat.websocket.server.WsFilter.doFilter(WsFilter.java:53)
	at org.apache.catalina.core.ApplicationFilterChain.internalDoFilter(ApplicationFilterChain.java:189)
	at org.apache.catalina.core.ApplicationFilterChain.doFilter(ApplicationFilterChain.java:162)
	at org.springframework.web.filter.RequestContextFilter.doFilterInternal(RequestContextFilter.java:100)
	at org.springframework.web.filter.OncePerRequestFilter.doFilter(OncePerRequestFilter.java:117)
	at org.apache.catalina.core.ApplicationFilterChain.internalDoFilter(ApplicationFilterChain.java:189)
	at org.apache.catalina.core.ApplicationFilterChain.doFilter(ApplicationFilterChain.java:162)
	at org.springframework.web.filter.FormContentFilter.doFilterInternal(FormContentFilter.java:93)
	at org.springframework.web.filter.OncePerRequestFilter.doFilter(OncePerRequestFilter.java:117)
	at org.apache.catalina.core.ApplicationFilterChain.internalDoFilter(ApplicationFilterChain.java:189)
	at org.apache.catalina.core.ApplicationFilterChain.doFilter(ApplicationFilterChain.java:162)
	at org.springframework.web.filter.CharacterEncodingFilter.doFilterInternal(CharacterEncodingFilter.java:201)
	at org.springframework.web.filter.OncePerRequestFilter.doFilter(OncePerRequestFilter.java:117)
	at org.apache.catalina.core.ApplicationFilterChain.internalDoFilter(ApplicationFilterChain.java:189)
	at org.apache.catalina.core.ApplicationFilterChain.doFilter(ApplicationFilterChain.java:162)
	at org.apache.catalina.core.StandardWrapperValve.invoke(StandardWrapperValve.java:197)
	at org.apache.catalina.core.StandardContextValve.invoke(StandardContextValve.java:97)
	at org.apache.catalina.authenticator.AuthenticatorBase.invoke(AuthenticatorBase.java:541)
	at org.apache.catalina.core.StandardHostValve.invoke(StandardHostValve.java:135)
	at org.apache.catalina.valves.ErrorReportValve.invoke(ErrorReportValve.java:92)
	at org.apache.catalina.core.StandardEngineValve.invoke(StandardEngineValve.java:78)
	at org.apache.catalina.connector.CoyoteAdapter.service(CoyoteAdapter.java:360)
	at org.apache.coyote.http11.Http11Processor.service(Http11Processor.java:399)
	at org.apache.coyote.AbstractProcessorLight.process(AbstractProcessorLight.java:65)
	at org.apache.coyote.AbstractProtocol$ConnectionHandler.process(AbstractProtocol.java:889)
	at org.apache.tomcat.util.net.NioEndpoint$SocketProcessor.doRun(NioEndpoint.java:1743)
	at org.apache.tomcat.util.net.SocketProcessorBase.run(SocketProcessorBase.java:49)
	at org.apache.tomcat.util.threads.ThreadPoolExecutor.runWorker(ThreadPoolExecutor.java:1191)
	at org.apache.tomcat.util.threads.ThreadPoolExecutor$Worker.run(ThreadPoolExecutor.java:659)
	at org.apache.tomcat.util.threads.TaskThread$WrappingRunnable.run(TaskThread.java:61)
	at java.lang.Thread.run(Thread.java:750)
2023-01-03-15:37:42.439 INFO [SpringApplicationShutdownHook]- org.quartz.core.QuartzScheduler:585>>Scheduler quartzScheduler_$_NON_CLUSTERED paused.
2023-01-03-15:37:42.844 INFO [SpringApplicationShutdownHook]- org.springframework.scheduling.quartz.SchedulerFactoryBean:847>>Shutting down Quartz Scheduler
2023-01-03-15:37:42.845 INFO [SpringApplicationShutdownHook]- org.quartz.core.QuartzScheduler:666>>Scheduler quartzScheduler_$_NON_CLUSTERED shutting down.
2023-01-03-15:37:42.845 INFO [SpringApplicationShutdownHook]- org.quartz.core.QuartzScheduler:585>>Scheduler quartzScheduler_$_NON_CLUSTERED paused.
2023-01-03-15:37:42.846 INFO [SpringApplicationShutdownHook]- org.quartz.core.QuartzScheduler:740>>Scheduler quartzScheduler_$_NON_CLUSTERED shutdown complete.
2023-01-03-15:37:42.977 INFO [SpringApplicationShutdownHook]- com.alibaba.druid.pool.DruidDataSource:2043>>{dataSource-1} closing ...
2023-01-03-15:37:42.980 INFO [SpringApplicationShutdownHook]- com.alibaba.druid.pool.DruidDataSource:2116>>{dataSource-1} closed
2023-01-03-15:37:51.061 INFO [main]- org.springframework.boot.StartupInfoLogger:55>>Starting ApiApplication using Java 1.8.0_322 on DESKTOP-J9FMC4G with PID 19496 (F:\JAVA\JavaActualCombat\FengMiStore\MyMall\fmmall\api\target\classes started by qqy12345678 in F:\JAVA\JavaActualCombat\FengMiStore\MyMall\fmmall)
2023-01-03-15:37:51.072 INFO [main]- org.springframework.boot.SpringApplication:640>>No active profile set, falling back to 1 default profile: "default"
2023-01-03-15:37:52.961 INFO [main]- org.springframework.data.repository.config.RepositoryConfigurationDelegate:262>>Multiple Spring Data modules found, entering strict repository configuration mode!
2023-01-03-15:37:52.964 INFO [main]- org.springframework.data.repository.config.RepositoryConfigurationDelegate:132>>Bootstrapping Spring Data Redis repositories in DEFAULT mode.
2023-01-03-15:37:53.032 INFO [main]- org.springframework.data.repository.config.RepositoryConfigurationDelegate:201>>Finished Spring Data repository scanning in 44 ms. Found 0 Redis repository interfaces.
2023-01-03-15:37:53.248 WARN [main]- org.mybatis.logging.Logger:44>>No MyBatis mapper was found in '[com.qfedu.fmmall]' package. Please check your configuration.
2023-01-03-15:37:53.997 INFO [main]- org.springframework.boot.web.embedded.tomcat.TomcatWebServer:108>>Tomcat initialized with port(s): 8080 (http)
2023-01-03-15:37:54.016 INFO [main]- org.apache.juli.logging.DirectJDKLog:173>>Initializing ProtocolHandler ["http-nio-8080"]
2023-01-03-15:37:54.017 INFO [main]- org.apache.juli.logging.DirectJDKLog:173>>Starting service [Tomcat]
2023-01-03-15:37:54.017 INFO [main]- org.apache.juli.logging.DirectJDKLog:173>>Starting Servlet engine: [Apache Tomcat/9.0.60]
2023-01-03-15:37:54.215 INFO [main]- org.apache.juli.logging.DirectJDKLog:173>>Initializing Spring embedded WebApplicationContext
2023-01-03-15:37:54.217 INFO [main]- org.springframework.boot.web.servlet.context.ServletWebServerApplicationContext:290>>Root WebApplicationContext: initialization completed in 2993 ms
2023-01-03-15:37:54.409 INFO [main]- com.alibaba.druid.spring.boot.autoconfigure.DruidDataSourceAutoConfigure:56>>Init DruidDataSource
2023-01-03-15:37:54.645 INFO [main]- com.alibaba.druid.pool.DruidDataSource:990>>{dataSource-1} inited
2023-01-03-15:37:57.000 INFO [main]- springfox.documentation.spring.web.PropertySourcedRequestMappingHandlerMapping:69>>Mapped URL path [/v2/api-docs] onto method [springfox.documentation.swagger2.web.Swagger2Controller#getDocumentation(String, HttpServletRequest)]
2023-01-03-15:37:57.446 INFO [main]- tk.mybatis.mapper.autoconfigure.MapperCacheDisabler:60>>Clear tk.mybatis.mapper.util.MsUtil CLASS_CACHE cache.
2023-01-03-15:37:57.447 INFO [main]- tk.mybatis.mapper.autoconfigure.MapperCacheDisabler:60>>Clear tk.mybatis.mapper.genid.GenIdUtil CACHE cache.
2023-01-03-15:37:57.448 INFO [main]- tk.mybatis.mapper.autoconfigure.MapperCacheDisabler:60>>Clear tk.mybatis.mapper.version.VersionUtil CACHE cache.
2023-01-03-15:37:57.448 INFO [main]- tk.mybatis.mapper.autoconfigure.MapperCacheDisabler:83>>Clear EntityHelper entityTableMap cache.
2023-01-03-15:37:57.625 INFO [main]- org.quartz.impl.StdSchedulerFactory:1220>>Using default implementation for ThreadExecutor
2023-01-03-15:37:57.638 INFO [main]- org.quartz.core.SchedulerSignalerImpl:61>>Initialized Scheduler Signaller of type: class org.quartz.core.SchedulerSignalerImpl
2023-01-03-15:37:57.638 INFO [main]- org.quartz.core.QuartzScheduler:229>>Quartz Scheduler v.2.3.2 created.
2023-01-03-15:37:57.639 INFO [main]- org.quartz.simpl.RAMJobStore:155>>RAMJobStore initialized.
2023-01-03-15:37:57.641 INFO [main]- org.quartz.core.QuartzScheduler:294>>Scheduler meta-data: Quartz Scheduler (v2.3.2) 'quartzScheduler' with instanceId 'NON_CLUSTERED'
  Scheduler class: 'org.quartz.core.QuartzScheduler' - running locally.
  NOT STARTED.
  Currently in standby mode.
  Number of jobs executed: 0
  Using thread pool 'org.quartz.simpl.SimpleThreadPool' - with 10 threads.
  Using job-store 'org.quartz.simpl.RAMJobStore' - which does not support persistence. and is not clustered.

2023-01-03-15:37:57.641 INFO [main]- org.quartz.impl.StdSchedulerFactory:1374>>Quartz scheduler 'quartzScheduler' initialized from an externally provided properties instance.
2023-01-03-15:37:57.642 INFO [main]- org.quartz.impl.StdSchedulerFactory:1378>>Quartz scheduler version: 2.3.2
2023-01-03-15:37:57.642 INFO [main]- org.quartz.core.QuartzScheduler:2293>>JobFactory set to: org.springframework.scheduling.quartz.SpringBeanJobFactory@78116659
2023-01-03-15:37:57.748 INFO [main]- org.apache.juli.logging.DirectJDKLog:173>>Starting ProtocolHandler ["http-nio-8080"]
2023-01-03-15:37:57.795 INFO [main]- org.springframework.boot.web.embedded.tomcat.TomcatWebServer:220>>Tomcat started on port(s): 8080 (http) with context path ''
2023-01-03-15:37:57.798 INFO [main]- springfox.documentation.spring.web.plugins.DocumentationPluginsBootstrapper:160>>Context refreshed
2023-01-03-15:37:57.823 INFO [main]- springfox.documentation.spring.web.plugins.DocumentationPluginsBootstrapper:163>>Found 1 custom documentation plugin(s)
2023-01-03-15:37:57.874 INFO [main]- springfox.documentation.spring.web.scanners.ApiListingReferenceScanner:41>>Scanning for api listing references
2023-01-03-15:37:58.149 INFO [main]- springfox.documentation.spring.web.readers.operation.CachingOperationNameGenerator:40>>Generating unique operation named: listUsingGET_1
2023-01-03-15:37:58.176 INFO [main]- org.springframework.scheduling.quartz.SchedulerFactoryBean:729>>Starting Quartz Scheduler now
2023-01-03-15:37:58.177 INFO [main]- org.quartz.core.QuartzScheduler:547>>Scheduler quartzScheduler_$_NON_CLUSTERED started.
2023-01-03-15:37:58.198 INFO [main]- org.springframework.boot.StartupInfoLogger:61>>Started ApiApplication in 8.332 seconds (JVM running for 10.569)
2023-01-03-15:38:08.059 INFO [http-nio-8080-exec-2]- org.apache.juli.logging.DirectJDKLog:173>>Initializing Spring DispatcherServlet 'dispatcherServlet'
2023-01-03-15:38:08.059 INFO [http-nio-8080-exec-2]- org.springframework.web.servlet.FrameworkServlet:525>>Initializing Servlet 'dispatcherServlet'
2023-01-03-15:38:08.060 INFO [http-nio-8080-exec-2]- org.springframework.web.servlet.FrameworkServlet:547>>Completed initialization in 1 ms
2023-01-03-15:41:02.357 INFO [SpringApplicationShutdownHook]- org.quartz.core.QuartzScheduler:585>>Scheduler quartzScheduler_$_NON_CLUSTERED paused.
2023-01-03-15:41:02.750 INFO [SpringApplicationShutdownHook]- org.springframework.scheduling.quartz.SchedulerFactoryBean:847>>Shutting down Quartz Scheduler
2023-01-03-15:41:02.751 INFO [SpringApplicationShutdownHook]- org.quartz.core.QuartzScheduler:666>>Scheduler quartzScheduler_$_NON_CLUSTERED shutting down.
2023-01-03-15:41:02.752 INFO [SpringApplicationShutdownHook]- org.quartz.core.QuartzScheduler:585>>Scheduler quartzScheduler_$_NON_CLUSTERED paused.
2023-01-03-15:41:02.753 INFO [SpringApplicationShutdownHook]- org.quartz.core.QuartzScheduler:740>>Scheduler quartzScheduler_$_NON_CLUSTERED shutdown complete.
2023-01-03-15:41:02.919 INFO [SpringApplicationShutdownHook]- com.alibaba.druid.pool.DruidDataSource:2043>>{dataSource-1} closing ...
2023-01-03-15:41:02.923 INFO [SpringApplicationShutdownHook]- com.alibaba.druid.pool.DruidDataSource:2116>>{dataSource-1} closed
