2023-01-03-20:26:16.788 INFO [main]- org.springframework.boot.StartupInfoLogger:55>>Starting ApiApplication using Java 1.8.0_322 on DESKTOP-J9FMC4G with PID 20924 (F:\JAVA\JavaActualCombat\FengMiStore\MyMall\fmmall\api\target\classes started by qqy12345678 in F:\JAVA\JavaActualCombat\FengMiStore\MyMall\fmmall)
2023-01-03-20:26:16.795 INFO [main]- org.springframework.boot.SpringApplication:640>>No active profile set, falling back to 1 default profile: "default"
2023-01-03-20:26:18.366 INFO [main]- org.springframework.data.repository.config.RepositoryConfigurationDelegate:262>>Multiple Spring Data modules found, entering strict repository configuration mode!
2023-01-03-20:26:18.372 INFO [main]- org.springframework.data.repository.config.RepositoryConfigurationDelegate:132>>Bootstrapping Spring Data Redis repositories in DEFAULT mode.
2023-01-03-20:26:18.429 INFO [main]- org.springframework.data.repository.config.RepositoryConfigurationDelegate:201>>Finished Spring Data repository scanning in 36 ms. Found 0 Redis repository interfaces.
2023-01-03-20:26:18.622 WARN [main]- org.mybatis.logging.Logger:44>>No MyBatis mapper was found in '[com.qfedu.fmmall]' package. Please check your configuration.
2023-01-03-20:26:19.327 INFO [main]- org.springframework.boot.web.embedded.tomcat.TomcatWebServer:108>>Tomcat initialized with port(s): 8080 (http)
2023-01-03-20:26:19.344 INFO [main]- org.apache.juli.logging.DirectJDKLog:173>>Initializing ProtocolHandler ["http-nio-8080"]
2023-01-03-20:26:19.345 INFO [main]- org.apache.juli.logging.DirectJDKLog:173>>Starting service [Tomcat]
2023-01-03-20:26:19.345 INFO [main]- org.apache.juli.logging.DirectJDKLog:173>>Starting Servlet engine: [Apache Tomcat/9.0.60]
2023-01-03-20:26:19.508 INFO [main]- org.apache.juli.logging.DirectJDKLog:173>>Initializing Spring embedded WebApplicationContext
2023-01-03-20:26:19.509 INFO [main]- org.springframework.boot.web.servlet.context.ServletWebServerApplicationContext:290>>Root WebApplicationContext: initialization completed in 2641 ms
2023-01-03-20:26:19.650 INFO [main]- com.alibaba.druid.spring.boot.autoconfigure.DruidDataSourceAutoConfigure:56>>Init DruidDataSource
2023-01-03-20:26:19.854 INFO [main]- com.alibaba.druid.pool.DruidDataSource:990>>{dataSource-1} inited
2023-01-03-20:26:22.019 INFO [main]- springfox.documentation.spring.web.PropertySourcedRequestMappingHandlerMapping:69>>Mapped URL path [/v2/api-docs] onto method [springfox.documentation.swagger2.web.Swagger2Controller#getDocumentation(String, HttpServletRequest)]
2023-01-03-20:26:22.413 INFO [main]- tk.mybatis.mapper.autoconfigure.MapperCacheDisabler:60>>Clear tk.mybatis.mapper.util.MsUtil CLASS_CACHE cache.
2023-01-03-20:26:22.415 INFO [main]- tk.mybatis.mapper.autoconfigure.MapperCacheDisabler:60>>Clear tk.mybatis.mapper.genid.GenIdUtil CACHE cache.
2023-01-03-20:26:22.416 INFO [main]- tk.mybatis.mapper.autoconfigure.MapperCacheDisabler:60>>Clear tk.mybatis.mapper.version.VersionUtil CACHE cache.
2023-01-03-20:26:22.416 INFO [main]- tk.mybatis.mapper.autoconfigure.MapperCacheDisabler:83>>Clear EntityHelper entityTableMap cache.
2023-01-03-20:26:22.610 INFO [main]- org.quartz.impl.StdSchedulerFactory:1220>>Using default implementation for ThreadExecutor
2023-01-03-20:26:22.623 INFO [main]- org.quartz.core.SchedulerSignalerImpl:61>>Initialized Scheduler Signaller of type: class org.quartz.core.SchedulerSignalerImpl
2023-01-03-20:26:22.623 INFO [main]- org.quartz.core.QuartzScheduler:229>>Quartz Scheduler v.2.3.2 created.
2023-01-03-20:26:22.624 INFO [main]- org.quartz.simpl.RAMJobStore:155>>RAMJobStore initialized.
2023-01-03-20:26:22.626 INFO [main]- org.quartz.core.QuartzScheduler:294>>Scheduler meta-data: Quartz Scheduler (v2.3.2) 'quartzScheduler' with instanceId 'NON_CLUSTERED'
  Scheduler class: 'org.quartz.core.QuartzScheduler' - running locally.
  NOT STARTED.
  Currently in standby mode.
  Number of jobs executed: 0
  Using thread pool 'org.quartz.simpl.SimpleThreadPool' - with 10 threads.
  Using job-store 'org.quartz.simpl.RAMJobStore' - which does not support persistence. and is not clustered.

2023-01-03-20:26:22.626 INFO [main]- org.quartz.impl.StdSchedulerFactory:1374>>Quartz scheduler 'quartzScheduler' initialized from an externally provided properties instance.
2023-01-03-20:26:22.626 INFO [main]- org.quartz.impl.StdSchedulerFactory:1378>>Quartz scheduler version: 2.3.2
2023-01-03-20:26:22.626 INFO [main]- org.quartz.core.QuartzScheduler:2293>>JobFactory set to: org.springframework.scheduling.quartz.SpringBeanJobFactory@723742b2
2023-01-03-20:26:22.715 INFO [main]- org.apache.juli.logging.DirectJDKLog:173>>Starting ProtocolHandler ["http-nio-8080"]
2023-01-03-20:26:22.749 INFO [main]- org.springframework.boot.web.embedded.tomcat.TomcatWebServer:220>>Tomcat started on port(s): 8080 (http) with context path ''
2023-01-03-20:26:22.750 INFO [main]- springfox.documentation.spring.web.plugins.DocumentationPluginsBootstrapper:160>>Context refreshed
2023-01-03-20:26:22.767 INFO [main]- springfox.documentation.spring.web.plugins.DocumentationPluginsBootstrapper:163>>Found 1 custom documentation plugin(s)
2023-01-03-20:26:22.805 INFO [main]- springfox.documentation.spring.web.scanners.ApiListingReferenceScanner:41>>Scanning for api listing references
2023-01-03-20:26:23.037 INFO [main]- springfox.documentation.spring.web.readers.operation.CachingOperationNameGenerator:40>>Generating unique operation named: listUsingGET_1
2023-01-03-20:26:23.074 INFO [main]- org.springframework.scheduling.quartz.SchedulerFactoryBean:729>>Starting Quartz Scheduler now
2023-01-03-20:26:23.075 INFO [main]- org.quartz.core.QuartzScheduler:547>>Scheduler quartzScheduler_$_NON_CLUSTERED started.
2023-01-03-20:26:23.096 INFO [main]- org.springframework.boot.StartupInfoLogger:61>>Started ApiApplication in 7.396 seconds (JVM running for 9.16)
2023-01-03-20:31:47.953 INFO [http-nio-8080-exec-123]- org.apache.juli.logging.DirectJDKLog:173>>Initializing Spring DispatcherServlet 'dispatcherServlet'
2023-01-03-20:31:47.954 INFO [http-nio-8080-exec-123]- org.springframework.web.servlet.FrameworkServlet:525>>Initializing Servlet 'dispatcherServlet'
2023-01-03-20:31:47.962 INFO [http-nio-8080-exec-123]- org.springframework.web.servlet.FrameworkServlet:547>>Completed initialization in 3 ms
